<?xml version="1.0" encoding="UTF-8"?>
<!-- Generated by org.testng.reporters.JUnitXMLReporter -->
<testsuite ignored="0" hostname="DESKTOP-IJVEGUQ" failures="0" tests="3" name="Default test" time="48.164" errors="0" timestamp="2025-10-05T16:17:08 IST">
  <testcase classname="com.jbk.wait.WaitDemo" name="explicitWait" time="5.713"/>
  <testcase classname="com.jbk.wait.WaitDemo" name="implicitWait" time="5.672"/>
  <testcase classname="com.jbk.wait.WaitDemo" name="utilityWaitMethod" time="5.816"/>
</testsuite> <!-- Default test -->
