<?xml version="1.0" encoding="UTF-8"?>
<!-- Generated by org.testng.reporters.JUnitReportReporter -->
<testsuite hostname="DESKTOP-IJVEGUQ" failures="0" tests="3" name="com.jbk.wait.WaitEx" time="66.846" errors="0" timestamp="2025-08-29T14:49:25 IST" skipped="0">
  <testcase classname="com.jbk.wait.WaitEx" name="explicitWait" time="19.493"/>
  <testcase classname="com.jbk.wait.WaitEx" name="utilityWaitMethod" time="16.449"/>
  <testcase classname="com.jbk.wait.WaitEx" name="implicitWait" time="30.904"/>
</testsuite> <!-- com.jbk.wait.WaitEx -->
