<?xml version="1.0" encoding="UTF-8"?>
<!-- Generated by org.testng.reporters.JUnitReportReporter -->
<testsuite hostname="DESKTOP-IJVEGUQ" failures="0" tests="3" name="com.jbk.wait.WaitDemo" time="48.046" errors="0" timestamp="2025-10-05T16:17:09 IST" skipped="0">
  <testcase classname="com.jbk.wait.WaitDemo" name="utilityWaitMethod" time="15.091"/>
  <testcase classname="com.jbk.wait.WaitDemo" name="explicitWait" time="18.483"/>
  <testcase classname="com.jbk.wait.WaitDemo" name="implicitWait" time="14.472"/>
</testsuite> <!-- com.jbk.wait.WaitDemo -->
