<?xml version="1.0" encoding="UTF-8"?>
<testng-results ignored="0" total="3" passed="3" failed="0" skipped="0">
  <reporter-output>
  </reporter-output>
  <suite started-at="2025-10-05T16:16:20 IST" name="Default suite" finished-at="2025-10-05T16:17:08 IST" duration-ms="48164">
    <groups>
    </groups>
    <test started-at="2025-10-05T16:16:20 IST" name="Default test" finished-at="2025-10-05T16:17:08 IST" duration-ms="48164">
      <class name="com.jbk.wait.WaitDemo">
        <test-method is-config="true" signature="setUp()[pri:0, instance:com.jbk.wait.WaitDemo@63376bed]" started-at="2025-10-05T16:16:20 IST" name="setUp" finished-at="2025-10-05T16:16:33 IST" duration-ms="12351" status="PASS">
          <reporter-output>
          </reporter-output>
        </test-method> <!-- setUp -->
        <test-method signature="explicitWait()[pri:0, instance:com.jbk.wait.WaitDemo@63376bed]" started-at="2025-10-05T16:16:33 IST" name="explicitWait" finished-at="2025-10-05T16:16:38 IST" duration-ms="5713" status="PASS">
          <reporter-output>
          </reporter-output>
        </test-method> <!-- explicitWait -->
        <test-method is-config="true" signature="tearDown()[pri:0, instance:com.jbk.wait.WaitDemo@63376bed]" started-at="2025-10-05T16:16:38 IST" name="tearDown" finished-at="2025-10-05T16:16:39 IST" duration-ms="419" status="PASS">
          <reporter-output>
          </reporter-output>
        </test-method> <!-- tearDown -->
        <test-method is-config="true" signature="setUp()[pri:0, instance:com.jbk.wait.WaitDemo@63376bed]" started-at="2025-10-05T16:16:39 IST" name="setUp" finished-at="2025-10-05T16:16:48 IST" duration-ms="8862" status="PASS">
          <reporter-output>
          </reporter-output>
        </test-method> <!-- setUp -->
        <test-method signature="implicitWait()[pri:0, instance:com.jbk.wait.WaitDemo@63376bed]" started-at="2025-10-05T16:16:48 IST" name="implicitWait" finished-at="2025-10-05T16:16:53 IST" duration-ms="5672" status="PASS">
          <reporter-output>
          </reporter-output>
        </test-method> <!-- implicitWait -->
        <test-method is-config="true" signature="tearDown()[pri:0, instance:com.jbk.wait.WaitDemo@63376bed]" started-at="2025-10-05T16:16:53 IST" name="tearDown" finished-at="2025-10-05T16:16:54 IST" duration-ms="388" status="PASS">
          <reporter-output>
          </reporter-output>
        </test-method> <!-- tearDown -->
        <test-method is-config="true" signature="setUp()[pri:0, instance:com.jbk.wait.WaitDemo@63376bed]" started-at="2025-10-05T16:16:54 IST" name="setUp" finished-at="2025-10-05T16:17:02 IST" duration-ms="8412" status="PASS">
          <reporter-output>
          </reporter-output>
        </test-method> <!-- setUp -->
        <test-method signature="utilityWaitMethod()[pri:0, instance:com.jbk.wait.WaitDemo@63376bed]" started-at="2025-10-05T16:17:02 IST" name="utilityWaitMethod" finished-at="2025-10-05T16:17:08 IST" duration-ms="5816" status="PASS">
          <reporter-output>
          </reporter-output>
        </test-method> <!-- utilityWaitMethod -->
        <test-method is-config="true" signature="tearDown()[pri:0, instance:com.jbk.wait.WaitDemo@63376bed]" started-at="2025-10-05T16:17:08 IST" name="tearDown" finished-at="2025-10-05T16:17:08 IST" duration-ms="413" status="PASS">
          <reporter-output>
          </reporter-output>
        </test-method> <!-- tearDown -->
      </class> <!-- com.jbk.wait.WaitDemo -->
    </test> <!-- Default test -->
  </suite> <!-- Default suite -->
</testng-results>
